name: run
run_id: install_deps
env COMSPEC: C:\Windows\system32\cmd.exe
env NUMBER_OF_PROCESSORS: 12
env PATHEXT: .COM;.EXE;.BAT;.CMD;.VBS;.VBE;.JS;.JSE;.WSF;.WSH;.MSC
env PROCESSOR_ARCHITECTURE: AMD64
env PROGRAMDATA: C:\ProgramData
env PROGRAMFILES: C:\Program Files
env PROGRAMFILES(X86): C:\Program Files (x86)
env SYSTEMDRIVE: C:
env SYSTEMROOT: C:\Windows
env TEMP: C:\Users\Axel}\AppData\Local\Temp
env TMP: C:\Users\Axel}\AppData\Local\Temp
env USERPROFILE: C:\Users\Axel}
env LANG: es_419.UTF-8
env PATH: M:\udemydeploy\section-06-model-serving-api\house-prices-api\.tox\test_app\Scripts;C:\Program Files\Common Files\Oracle\Java\javapath;C:\Program Files (x86)\NVIDIA Corporation\PhysX\Common;C:\Windows\system32;C:\Windows;C:\Windows\System32\Wbem;C:\Windows\System32\WindowsPowerShell\v1.0\;C:\Windows\System32\OpenSSH\;M:\MATLAB\bin;C:\Program Files\Microsoft SQL Server\Client SDK\ODBC\110\Tools\Binn\;C:\Program Files (x86)\Microsoft SQL Server\120\Tools\Binn\;C:\Program Files\Microsoft SQL Server\120\Tools\Binn\;C:\Program Files\Microsoft SQL Server\120\DTS\Binn\;C:\Program Files (x86)\Windows Kits\8.1\Windows Performance Toolkit\;C:\Program Files\Git\cmd;C:\Program Files\nodejs\;C:\Users\Axel}\AppData\Local\Programs\Python\Python311;C:\Users\Axel}\AppData\Local\Programs\Python\Python311\Scripts;C:\Program Files\MySQL\MySQL Shell 8.0\bin\;C:\Users\Axel}\AppData\Local\Microsoft\WindowsApps;C:\Users\Axel}\AppData\Local\Programs\Microsoft VS Code\bin;C:\Program Files\mingw-w64\x86_64-8.1.0-posix-seh-rt_v6-rev0\mingw64\bin;C:\Users\Axel}\AppData\Local\GitHubDesktop\bin;C:\P;M:\Anaconda\Library\bin\;M:\Anaconda\Scripts\;M:\Anaconda\condabin\;C:\Users\Axel}\AppData\Roaming\npm
env PYTHONHASHSEED: 727
env PIP_DISABLE_PIP_VERSION_CHECK: 1
env PYTHONIOENCODING: utf-8
env PYTHONPATH: .
env TOX_ENV_NAME: run
env TOX_WORK_DIR: M:\udemydeploy\section-06-model-serving-api\house-prices-api\.tox
env TOX_ENV_DIR: M:\udemydeploy\section-06-model-serving-api\house-prices-api\.tox\test_app
env VIRTUAL_ENV: M:\udemydeploy\section-06-model-serving-api\house-prices-api\.tox\test_app
env COLUMNS: 169
env LINES: 26
metadata pid: 5992
cwd: M:\udemydeploy\section-06-model-serving-api\house-prices-api
allow: M:\udemydeploy\section-06-model-serving-api\house-prices-api\.tox\test_app\Scripts\*
cmd: pip install -r test_requirements.txt
exit_code: 0
Collecting uvicorn<0.30.0,>=0.20.0
  Using cached uvicorn-0.21.1-py3-none-any.whl (57 kB)
Collecting fastapi<1.0.0,>=0.88.0
  Using cached fastapi-0.95.0-py3-none-any.whl (57 kB)
Collecting python-multipart<0.1.0,>=0.0.5
  Using cached python_multipart-0.0.6-py3-none-any.whl (45 kB)
Collecting pydantic<1.12.0,>=1.10.4
  Using cached pydantic-1.10.6-cp311-cp311-win_amd64.whl (2.1 MB)
Collecting typing_extensions<5.0.0,>=4.2.0
  Using cached typing_extensions-4.5.0-py3-none-any.whl (27 kB)
Collecting loguru<1.0.0,>=0.5.3
  Using cached loguru-0.6.0-py3-none-any.whl (58 kB)
Collecting tid-regression-model>=3.2.0
  Using cached tid_regression_model-3.2.0-py3-none-any.whl (191 kB)
Collecting pytest<8.0.0,>=7.2.0
  Using cached pytest-7.2.2-py3-none-any.whl (317 kB)
Collecting requests<2.50.0,>=2.28.0
  Using cached requests-2.28.2-py3-none-any.whl (62 kB)
Collecting httpx<0.50.0,>=0.23.2
  Using cached httpx-0.23.3-py3-none-any.whl (71 kB)
Collecting click>=7.0
  Using cached click-8.1.3-py3-none-any.whl (96 kB)
Collecting h11>=0.8
  Using cached h11-0.14.0-py3-none-any.whl (58 kB)
Collecting starlette<0.27.0,>=0.26.1
  Using cached starlette-0.26.1-py3-none-any.whl (66 kB)
Collecting colorama>=0.3.4
  Using cached colorama-0.4.6-py2.py3-none-any.whl (25 kB)
Collecting win32-setctime>=1.0.0
  Using cached win32_setctime-1.1.0-py3-none-any.whl (3.6 kB)
Collecting numpy<2.0.0,>=1.21.0
  Using cached numpy-1.24.2-cp311-cp311-win_amd64.whl (14.8 MB)
Collecting pandas<2.0.0,>=1.3.5
  Using cached pandas-1.5.3-cp311-cp311-win_amd64.whl (10.3 MB)
Collecting scikit-learn<2.0.0,>=1.1.3
  Using cached scikit_learn-1.2.2-cp311-cp311-win_amd64.whl (8.3 MB)
Collecting strictyaml<2.0.0,>=1.3.2
  Using cached strictyaml-1.7.3-py3-none-any.whl (123 kB)
Collecting ruamel.yaml<1.0.0,>=0.16.12
  Using cached ruamel.yaml-0.17.21-py3-none-any.whl (109 kB)
Collecting feature-engine<2.0.0,>=1.0.2
  Using cached feature_engine-1.5.2-py2.py3-none-any.whl (290 kB)
Collecting joblib<2.0.0,>=1.0.1
  Using cached joblib-1.2.0-py3-none-any.whl (297 kB)
Collecting attrs>=19.2.0
  Using cached attrs-22.2.0-py3-none-any.whl (60 kB)
Collecting iniconfig
  Using cached iniconfig-2.0.0-py3-none-any.whl (5.9 kB)
Collecting packaging
  Using cached packaging-23.0-py3-none-any.whl (42 kB)
Collecting pluggy<2.0,>=0.12
  Using cached pluggy-1.0.0-py2.py3-none-any.whl (13 kB)
Collecting charset-normalizer<4,>=2
  Using cached charset_normalizer-3.1.0-cp311-cp311-win_amd64.whl (96 kB)
Collecting idna<4,>=2.5
  Using cached idna-3.4-py3-none-any.whl (61 kB)
Collecting urllib3<1.27,>=1.21.1
  Using cached urllib3-1.26.15-py2.py3-none-any.whl (140 kB)
Collecting certifi>=2017.4.17
  Using cached certifi-2022.12.7-py3-none-any.whl (155 kB)
Collecting httpcore<0.17.0,>=0.15.0
  Using cached httpcore-0.16.3-py3-none-any.whl (69 kB)
Collecting rfc3986[idna2008]<2,>=1.3
  Using cached rfc3986-1.5.0-py2.py3-none-any.whl (31 kB)
Collecting sniffio
  Using cached sniffio-1.3.0-py3-none-any.whl (10 kB)
Collecting scipy>=1.4.1
  Using cached scipy-1.10.1-cp311-cp311-win_amd64.whl (42.2 MB)
Collecting statsmodels>=0.11.1
  Using cached statsmodels-0.13.5-cp311-cp311-win_amd64.whl (9.0 MB)
Collecting anyio<5.0,>=3.0
  Using cached anyio-3.6.2-py3-none-any.whl (80 kB)
Collecting python-dateutil>=2.8.1
  Using cached python_dateutil-2.8.2-py2.py3-none-any.whl (247 kB)
Collecting pytz>=2020.1
  Using cached pytz-2022.7.1-py2.py3-none-any.whl (499 kB)
Collecting threadpoolctl>=2.0.0
  Using cached threadpoolctl-3.1.0-py3-none-any.whl (14 kB)
Collecting six>=1.5
  Using cached six-1.16.0-py2.py3-none-any.whl (11 kB)
Collecting patsy>=0.5.2
  Using cached patsy-0.5.3-py2.py3-none-any.whl (233 kB)
Installing collected packages: rfc3986, pytz, win32-setctime, urllib3, typing_extensions, threadpoolctl, sniffio, six, ruamel.yaml, python-multipart, pluggy, packaging, numpy, joblib, iniconfig, idna, h11, colorama, charset-normalizer, certifi, attrs, scipy, requests, python-dateutil, pytest, pydantic, patsy, loguru, click, anyio, uvicorn, strictyaml, starlette, scikit-learn, pandas, httpcore, statsmodels, httpx, fastapi, feature-engine, tid-regression-model
Successfully installed anyio-3.6.2 attrs-22.2.0 certifi-2022.12.7 charset-normalizer-3.1.0 click-8.1.3 colorama-0.4.6 fastapi-0.95.0 feature-engine-1.5.2 h11-0.14.0 httpcore-0.16.3 httpx-0.23.3 idna-3.4 iniconfig-2.0.0 joblib-1.2.0 loguru-0.6.0 numpy-1.24.2 packaging-23.0 pandas-1.5.3 patsy-0.5.3 pluggy-1.0.0 pydantic-1.10.6 pytest-7.2.2 python-dateutil-2.8.2 python-multipart-0.0.6 pytz-2022.7.1 requests-2.28.2 rfc3986-1.5.0 ruamel.yaml-0.17.21 scikit-learn-1.2.2 scipy-1.10.1 six-1.16.0 sniffio-1.3.0 starlette-0.26.1 statsmodels-0.13.5 strictyaml-1.7.3 threadpoolctl-3.1.0 tid-regression-model-3.2.0 typing_extensions-4.5.0 urllib3-1.26.15 uvicorn-0.21.1 win32-setctime-1.1.0
