name: run
run_id: commands[0]
env COMSPEC: C:\Windows\system32\cmd.exe
env NUMBER_OF_PROCESSORS: 12
env PATHEXT: .COM;.EXE;.BAT;.CMD;.VBS;.VBE;.JS;.JSE;.WSF;.WSH;.MSC
env PROCESSOR_ARCHITECTURE: AMD64
env PROGRAMDATA: C:\ProgramData
env PROGRAMFILES: C:\Program Files
env PROGRAMFILES(X86): C:\Program Files (x86)
env SYSTEMDRIVE: C:
env SYSTEMROOT: C:\Windows
env TEMP: C:\Users\Axel}\AppData\Local\Temp
env TMP: C:\Users\Axel}\AppData\Local\Temp
env USERPROFILE: C:\Users\Axel}
env LANG: es_419.UTF-8
env PATH: M:\udemydeploy\section-06-model-serving-api\house-prices-api\.tox\test_app\Scripts;C:\Program Files\Common Files\Oracle\Java\javapath;C:\Program Files (x86)\NVIDIA Corporation\PhysX\Common;C:\Windows\system32;C:\Windows;C:\Windows\System32\Wbem;C:\Windows\System32\WindowsPowerShell\v1.0\;C:\Windows\System32\OpenSSH\;M:\MATLAB\bin;C:\Program Files\Microsoft SQL Server\Client SDK\ODBC\110\Tools\Binn\;C:\Program Files (x86)\Microsoft SQL Server\120\Tools\Binn\;C:\Program Files\Microsoft SQL Server\120\Tools\Binn\;C:\Program Files\Microsoft SQL Server\120\DTS\Binn\;C:\Program Files (x86)\Windows Kits\8.1\Windows Performance Toolkit\;C:\Program Files\Git\cmd;C:\Program Files\nodejs\;C:\Users\Axel}\AppData\Local\Programs\Python\Python311;C:\Users\Axel}\AppData\Local\Programs\Python\Python311\Scripts;C:\Program Files\MySQL\MySQL Shell 8.0\bin\;C:\Users\Axel}\AppData\Local\Microsoft\WindowsApps;C:\Users\Axel}\AppData\Local\Programs\Microsoft VS Code\bin;C:\Program Files\mingw-w64\x86_64-8.1.0-posix-seh-rt_v6-rev0\mingw64\bin;C:\Users\Axel}\AppData\Local\GitHubDesktop\bin;C:\P;M:\Anaconda\Library\bin\;M:\Anaconda\Scripts\;M:\Anaconda\condabin\;C:\Users\Axel}\AppData\Roaming\npm
env PYTHONHASHSEED: 727
env PIP_DISABLE_PIP_VERSION_CHECK: 1
env PYTHONIOENCODING: utf-8
env PYTHONPATH: .
env TOX_ENV_NAME: run
env TOX_WORK_DIR: M:\udemydeploy\section-06-model-serving-api\house-prices-api\.tox
env TOX_ENV_DIR: M:\udemydeploy\section-06-model-serving-api\house-prices-api\.tox\test_app
env VIRTUAL_ENV: M:\udemydeploy\section-06-model-serving-api\house-prices-api\.tox\test_app
env COLUMNS: 169
env LINES: 26
metadata pid: 21476
cwd: M:\udemydeploy\section-06-model-serving-api\house-prices-api
allow: M:\udemydeploy\section-06-model-serving-api\house-prices-api\.tox\test_app\Scripts\*
cmd: python app/main.py
exit_code: 0
INFO:     ::1:50477 - "GET /docs HTTP/1.1" 200 OK
INFO:     ::1:50477 - "GET /api/v1/openapi.json HTTP/1.1" 200 OK
INFO:     ::1:50549 - "POST /api/v1/predict HTTP/1.1" 200 OK

standard error:
M:\udemydeploy\section-06-model-serving-api\house-prices-api\.tox\test_app\Lib\site-packages\sklearn\base.py:318: UserWarning: Trying to unpickle estimator Binarizer from version 1.2.0 when using version 1.2.2. This might lead to breaking code or invalid results. Use at your own risk. For more info please refer to:
https://scikit-learn.org/stable/model_persistence.html#security-maintainability-limitations
  warnings.warn(
M:\udemydeploy\section-06-model-serving-api\house-prices-api\.tox\test_app\Lib\site-packages\sklearn\base.py:318: UserWarning: Trying to unpickle estimator MinMaxScaler from version 1.2.0 when using version 1.2.2. This might lead to breaking code or invalid results. Use at your own risk. For more info please refer to:
https://scikit-learn.org/stable/model_persistence.html#security-maintainability-limitations
  warnings.warn(
M:\udemydeploy\section-06-model-serving-api\house-prices-api\.tox\test_app\Lib\site-packages\sklearn\base.py:318: UserWarning: Trying to unpickle estimator Lasso from version 1.2.0 when using version 1.2.2. This might lead to breaking code or invalid results. Use at your own risk. For more info please refer to:
https://scikit-learn.org/stable/model_persistence.html#security-maintainability-limitations
  warnings.warn(
M:\udemydeploy\section-06-model-serving-api\house-prices-api\.tox\test_app\Lib\site-packages\sklearn\base.py:318: UserWarning: Trying to unpickle estimator Pipeline from version 1.2.0 when using version 1.2.2. This might lead to breaking code or invalid results. Use at your own risk. For more info please refer to:
https://scikit-learn.org/stable/model_persistence.html#security-maintainability-limitations
  warnings.warn(
2023-03-21 12:28:16.556 | WARNING  | __main__:<module>:55 - Running in development mode. Do not run like this in production.
INFO:     Started server process [4108]
INFO:     Waiting for application startup.
INFO:     Application startup complete.
INFO:     Uvicorn running on http://localhost:8001 (Press CTRL+C to quit)
2023-03-21 12:30:21.235 | INFO     | app.api:predict:40 - Making prediction on inputs: [HouseDataInputSchema(Alley=None, BedroomAbvGr=2, BldgType='1Fam', BsmtCond='TA', BsmtExposure='No', BsmtFinSF1=468.0, BsmtFinSF2=144.0, BsmtFinType1='Rec', BsmtFinType2='LwQ', BsmtFullBath=0.0, BsmtHalfBath=0.0, BsmtQual='TA', BsmtUnfSF=270.0, CentralAir='Y', Condition1='Feedr', Condition2='Norm', Electrical='SBrkr', EnclosedPorch=0, ExterCond='TA', ExterQual='TA', Exterior1st='VinylSd', Exterior2nd='VinylSd', Fence='MnPrv', FireplaceQu=None, Fireplaces=0, Foundation='CBlock', FullBath=1, Functional='Typ', GarageArea=730.0, GarageCars=1.0, GarageCond='TA', GarageFinish='Unf', GarageQual='TA', GarageType='Attchd', GarageYrBlt=1961.0, GrLivArea=896, HalfBath=0, Heating='GasA', HeatingQC='TA', HouseStyle='1Story', Id=None, KitchenAbvGr=1, KitchenQual='TA', LandContour='Lvl', LandSlope='Gtl', LotArea=11622, LotConfig='Inside', LotFrontage=80.0, LotShape='Reg', LowQualFinSF=0, MSSubClass=20, MSZoning='RH', MasVnrArea=0.0, MasVnrType='None', MiscFeature=None, MiscVal=0, MoSold=6, Neighborhood='NAmes', OpenPorchSF=0, OverallCond=6, OverallQual=5, PavedDrive='Y', PoolArea=0, PoolQC=None, RoofMatl='CompShg', RoofStyle='Gable', SaleCondition='Normal', SaleType='WD', ScreenPorch=120, Street='Pave', TotRmsAbvGrd=5, TotalBsmtSF=882.0, Utilities='AllPub', WoodDeckSF=140, YearBuilt=1961, YearRemodAdd=1961, YrSold=2010, FirstFlrSF=896, SecondFlrSF=0, ThreeSsnPortch=0)]
2023-03-21 12:30:21.270 | INFO     | app.api:predict:47 - Prediction results: [113422.55344864173]
INFO:     Shutting down
INFO:     Waiting for application shutdown.
INFO:     Application shutdown complete.
INFO:     Finished server process [4108]
